{"target": 0.6971176851003098, "params": {"bagging_temperature": 9.670298390136766, "depth": 4.0, "iterations": 1967.2212319578612, "l2_leaf_reg": 71.48188455144279, "learning_rate": 0.03491666834740382, "max_ctr_complexity": 6.37698445138414, "model_size_reg": 9.762981803214656, "random_strength": 0.07224024949385273}, "datetime": {"datetime": "2020-01-21 13:31:31", "elapsed": 0.0, "delta": 0.0}}
{"target": 0.6784522625582923, "params": {"bagging_temperature": 7.5888123001341246, "depth": 4.0, "iterations": 1357.8399223279368, "l2_leaf_reg": 29.015662372969107, "learning_rate": 0.02475723220452347, "max_ctr_complexity": 9.045523116704917, "model_size_reg": 4.982451460421638, "random_strength": 8.48947129581989}, "datetime": {"datetime": "2020-01-21 13:31:47", "elapsed": 16.330671, "delta": 16.330671}}
{"target": 1.3275278475544101, "params": {"bagging_temperature": 1.391185918276625, "depth": 4.0, "iterations": 1998.9854836374388, "l2_leaf_reg": 0.6177336566743244, "learning_rate": 0.034936779906833255, "max_ctr_complexity": 8.704141567720143, "model_size_reg": 8.118996212521697, "random_strength": 8.43283967925421}, "datetime": {"datetime": "2020-01-21 13:31:55", "elapsed": 23.805796, "delta": 7.475125}}
{"target": 0.9217781759530278, "params": {"bagging_temperature": 0.0, "depth": 4.0, "iterations": 800.0, "l2_leaf_reg": 100.0, "learning_rate": 0.01449656115200931, "max_ctr_complexity": 15.0, "model_size_reg": 10.0, "random_strength": 0.01}, "datetime": {"datetime": "2020-01-21 13:32:05", "elapsed": 34.599635, "delta": 10.793839}}
{"target": 0.9367511261564085, "params": {"bagging_temperature": 10.0, "depth": 4.0, "iterations": 1050.873516663839, "l2_leaf_reg": 0.001, "learning_rate": 0.05, "max_ctr_complexity": 4.0, "model_size_reg": 0.01, "random_strength": 10.0}, "datetime": {"datetime": "2020-01-21 13:32:11", "elapsed": 40.380497, "delta": 5.780862}}
{"target": 6.616713686151692, "params": {"bagging_temperature": 0.0, "depth": 4.0, "iterations": 1671.0347223815245, "l2_leaf_reg": 0.001, "learning_rate": 0.0001, "max_ctr_complexity": 15.0, "model_size_reg": 0.01, "random_strength": 10.0}, "datetime": {"datetime": "2020-01-21 13:32:34", "elapsed": 62.847804, "delta": 22.467307}}
{"target": 0.6870045120609257, "params": {"bagging_temperature": 10.0, "depth": 4.0, "iterations": 1663.3891746678928, "l2_leaf_reg": 23.787793746144427, "learning_rate": 0.049553683376493796, "max_ctr_complexity": 4.0, "model_size_reg": 10.0, "random_strength": 0.01}, "datetime": {"datetime": "2020-01-21 13:32:58", "elapsed": 86.857787, "delta": 24.009983}}
{"target": 0.9186310223268408, "params": {"bagging_temperature": 0.6149797979865212, "depth": 4.0, "iterations": 1667.8148369153182, "l2_leaf_reg": 1.976558574175516, "learning_rate": 0.04243535474789387, "max_ctr_complexity": 12.76012381056947, "model_size_reg": 0.33583546445550316, "random_strength": 7.0146750769393655}, "datetime": {"datetime": "2020-01-21 13:33:02", "elapsed": 91.5585, "delta": 4.700713}}
{"target": 0.7480444590266154, "params": {"bagging_temperature": 1.893953566630151, "depth": 4.0, "iterations": 1809.2404649389402, "l2_leaf_reg": 21.723141457608286, "learning_rate": 0.021221637262166117, "max_ctr_complexity": 4.443204702509051, "model_size_reg": 5.595866224351808, "random_strength": 9.81721363605684}, "datetime": {"datetime": "2020-01-21 13:33:23", "elapsed": 111.799914, "delta": 20.241414}}
{"target": 0.6875082964155952, "params": {"bagging_temperature": 6.350156361063028, "depth": 4.0, "iterations": 1049.9960815286358, "l2_leaf_reg": 40.83764464603548, "learning_rate": 0.033419540783190066, "max_ctr_complexity": 9.858156824813252, "model_size_reg": 6.7971752609133285, "random_strength": 7.011116292224111}, "datetime": {"datetime": "2020-01-21 13:33:35", "elapsed": 123.951237, "delta": 12.151323}}
{"target": 0.645081033275865, "params": {"bagging_temperature": 9.381232707755734, "depth": 4.0, "iterations": 1695.0685350620115, "l2_leaf_reg": 48.59716107586455, "learning_rate": 0.04821026747619733, "max_ctr_complexity": 11.34895835719449, "model_size_reg": 7.231439158567252, "random_strength": 2.3201797695847537}, "datetime": {"datetime": "2020-01-21 13:33:56", "elapsed": 145.581282, "delta": 21.630045}}
{"target": 0.7003378129878106, "params": {"bagging_temperature": 3.0239006846140803, "depth": 4.0, "iterations": 1290.8118031247516, "l2_leaf_reg": 62.87661031165681, "learning_rate": 0.045635614106885325, "max_ctr_complexity": 12.180057265565317, "model_size_reg": 9.394946030971443, "random_strength": 7.380663412015195}, "datetime": {"datetime": "2020-01-21 13:34:13", "elapsed": 161.739605, "delta": 16.158323}}
{"target": 1.0500540220132328, "params": {"bagging_temperature": 1.2051739627987923, "depth": 4.0, "iterations": 1995.8981451732543, "l2_leaf_reg": 0.8127820106198984, "learning_rate": 0.0338743279758815, "max_ctr_complexity": 8.125263220733379, "model_size_reg": 9.638538507603618, "random_strength": 6.145157023883846}, "datetime": {"datetime": "2020-01-21 13:34:16", "elapsed": 165.687026, "delta": 3.947421}}
{"target": 0.7970626532874375, "params": {"bagging_temperature": 7.124538121276149, "depth": 4.0, "iterations": 1378.9677086500274, "l2_leaf_reg": 8.055506729216468, "learning_rate": 0.0034900369925766894, "max_ctr_complexity": 14.077175095659083, "model_size_reg": 0.5988973878621628, "random_strength": 5.818789090760465}, "datetime": {"datetime": "2020-01-21 13:34:34", "elapsed": 183.579798, "delta": 17.892772}}
{"target": 0.7190614655174677, "params": {"bagging_temperature": 1.4372182868737515, "depth": 4.0, "iterations": 1147.7081195239323, "l2_leaf_reg": 49.986144974349656, "learning_rate": 0.042260328794658346, "max_ctr_complexity": 6.810409552992338, "model_size_reg": 1.9521665506442458, "random_strength": 3.679179064016275}, "datetime": {"datetime": "2020-01-21 13:34:46", "elapsed": 195.468476, "delta": 11.888678}}
{"target": 0.9693870147760137, "params": {"bagging_temperature": 0.24102741983612397, "depth": 4.0, "iterations": 1590.5275243258616, "l2_leaf_reg": 74.38212663551292, "learning_rate": 0.048781117953061025, "max_ctr_complexity": 5.356444570850108, "model_size_reg": 8.550858708594946, "random_strength": 4.558847886039092}, "datetime": {"datetime": "2020-01-21 13:34:51", "elapsed": 200.20784, "delta": 4.739364}}
{"target": 1.9556392772988358, "params": {"bagging_temperature": 2.0577714632702615, "depth": 4.0, "iterations": 1041.925736445414, "l2_leaf_reg": 94.31395554703026, "learning_rate": 0.002338877612203364, "max_ctr_complexity": 4.329393384662939, "model_size_reg": 3.292445991721526, "random_strength": 6.934350224540776}, "datetime": {"datetime": "2020-01-21 13:35:04", "elapsed": 213.278979, "delta": 13.071139}}
{"target": 0.6348643208606018, "params": {"bagging_temperature": 1.5983564755431368, "depth": 4.0, "iterations": 1678.0851003928738, "l2_leaf_reg": 1.6790257037149996, "learning_rate": 0.021491237814140543, "max_ctr_complexity": 8.294787285150443, "model_size_reg": 2.908502364363582, "random_strength": 0.3925473330995555}, "datetime": {"datetime": "2020-01-21 13:35:10", "elapsed": 218.766025, "delta": 5.487046}}
{"target": 0.8361350407844796, "params": {"bagging_temperature": 1.1200316352202722, "depth": 4.0, "iterations": 1040.9201443992677, "l2_leaf_reg": 94.71941901514087, "learning_rate": 0.017507039565229508, "max_ctr_complexity": 4.730019984530033, "model_size_reg": 3.699544604153968, "random_strength": 6.7954104100066655}, "datetime": {"datetime": "2020-01-21 13:35:23", "elapsed": 231.881198, "delta": 13.115173}}
{"target": 0.5547004998827222, "params": {"bagging_temperature": 5.990858040860353, "depth": 4.0, "iterations": 1819.8928528384854, "l2_leaf_reg": 11.17770701367724, "learning_rate": 0.048587106164104575, "max_ctr_complexity": 4.346871004637172, "model_size_reg": 8.86916556970732, "random_strength": 2.6655923396371026}, "datetime": {"datetime": "2020-01-21 13:35:47", "elapsed": 256.00573, "delta": 24.124532}}
{"target": 1.033896671024812, "params": {"bagging_temperature": 8.322400566687106, "depth": 4.0, "iterations": 1675.9526659524595, "l2_leaf_reg": 30.306334651665228, "learning_rate": 0.002511844524894725, "max_ctr_complexity": 7.097226202880616, "model_size_reg": 5.6099373073302345, "random_strength": 2.320658986302457}, "datetime": {"datetime": "2020-01-21 13:36:09", "elapsed": 277.764686, "delta": 21.758956}}
