{"target": 0.8454545454545455, "params": {"bagging_temperature": 9.670298390136766, "depth": 8.37785799340578, "l2_leaf_reg": 97.26846331212847, "learning_rate": 0.7141296960813228, "max_ctr_complexity": 11.675017070569979, "model_size_reg": 2.1687340608479597, "random_strength": 9.762981803214656}, "datetime": {"datetime": "2019-10-15 02:21:10", "elapsed": 0.0, "delta": 0.0}}
{"target": 0.8545454545454545, "params": {"bagging_temperature": 5.40756384459344, "depth": 11.07713791287178, "l2_leaf_reg": 67.80668872178815, "learning_rate": 0.6658838711544023, "max_ctr_complexity": 7.346838635696459, "model_size_reg": 9.01755917379045, "random_strength": 7.428785316251777}, "datetime": {"datetime": "2019-10-15 02:22:55", "elapsed": 105.082527, "delta": 105.082527}}
{"target": 0.8363636363636363, "params": {"bagging_temperature": 0.02878459351815299, "depth": 6.266793838467327, "l2_leaf_reg": 0.00680434754155183, "learning_rate": 0.9658510778229549, "max_ctr_complexity": 14.646553288024895, "model_size_reg": 0.05126628498758742, "random_strength": 9.616023019999822}, "datetime": {"datetime": "2019-10-15 02:23:00", "elapsed": 110.267351, "delta": 5.184824}}
{"target": 0.8545454545454545, "params": {"bagging_temperature": 0.17584394312856966, "depth": 4.062620872553912, "l2_leaf_reg": 99.9993992663305, "learning_rate": 0.006772329389284967, "max_ctr_complexity": 4.99625606712831, "model_size_reg": 8.28504241924905, "random_strength": 0.7860215016380084}, "datetime": {"datetime": "2019-10-15 02:23:09", "elapsed": 119.260784, "delta": 8.993433}}
{"target": 0.8409090909090909, "params": {"bagging_temperature": 9.668491372960252, "depth": 5.472476135314608, "l2_leaf_reg": 2.0916774150354045, "learning_rate": 0.9346351583375776, "max_ctr_complexity": 5.395019739402199, "model_size_reg": 9.976275254478848, "random_strength": 0.25470287286511667}, "datetime": {"datetime": "2019-10-15 02:23:15", "elapsed": 125.052362, "delta": 5.791578}}
{"target": 0.8681818181818182, "params": {"bagging_temperature": 1.6809406224772117, "depth": 11.883767077687493, "l2_leaf_reg": 86.18203348692985, "learning_rate": 0.27008129270722675, "max_ctr_complexity": 14.009638584632668, "model_size_reg": 9.912341164444722, "random_strength": 0.025039925382644337}, "datetime": {"datetime": "2019-10-15 02:24:55", "elapsed": 224.851037, "delta": 99.798675}}
{"target": 0.8454545454545455, "params": {"bagging_temperature": 0.30247436871883027, "depth": 11.83077435191177, "l2_leaf_reg": 86.81359657928303, "learning_rate": 0.9169434874818619, "max_ctr_complexity": 4.17071274331986, "model_size_reg": 1.5714721765306705, "random_strength": 0.17545101435795615}, "datetime": {"datetime": "2019-10-15 02:25:40", "elapsed": 269.642607, "delta": 44.79157}}
{"target": 0.85, "params": {"bagging_temperature": 0.7853010933500904, "depth": 11.565356614981791, "l2_leaf_reg": 98.03317810870242, "learning_rate": 0.3816373032141798, "max_ctr_complexity": 13.32858510165323, "model_size_reg": 9.72950611713379, "random_strength": 8.304897431161464}, "datetime": {"datetime": "2019-10-15 02:26:31", "elapsed": 320.984152, "delta": 51.341545}}
{"target": 0.8590909090909091, "params": {"bagging_temperature": 0.25670322021225545, "depth": 4.085914427201391, "l2_leaf_reg": 55.17732147282841, "learning_rate": 0.3471180424398931, "max_ctr_complexity": 14.659056358430306, "model_size_reg": 8.304425472861482, "random_strength": 1.1998139210660566}, "datetime": {"datetime": "2019-10-15 02:26:37", "elapsed": 326.723162, "delta": 5.73901}}
{"target": 0.8545454545454545, "params": {"bagging_temperature": 9.485387900091606, "depth": 11.426734428457916, "l2_leaf_reg": 40.670550747465875, "learning_rate": 0.12174689298875838, "max_ctr_complexity": 14.873274015569335, "model_size_reg": 8.814322735719294, "random_strength": 0.18042769977964326}, "datetime": {"datetime": "2019-10-15 02:29:02", "elapsed": 471.830625, "delta": 145.107463}}
{"target": 0.8545454545454545, "params": {"bagging_temperature": 9.718116448702604, "depth": 4.39422887279189, "l2_leaf_reg": 91.79905826521754, "learning_rate": 0.9966231378866713, "max_ctr_complexity": 12.244416269645862, "model_size_reg": 9.771728642650515, "random_strength": 0.22223045298566232}, "datetime": {"datetime": "2019-10-15 02:29:09", "elapsed": 478.768473, "delta": 6.937848}}
{"target": 0.8545454545454545, "params": {"bagging_temperature": 0.4544267958029724, "depth": 11.907808700951108, "l2_leaf_reg": 0.6619578650824075, "learning_rate": 0.3405069158129088, "max_ctr_complexity": 14.23763348363491, "model_size_reg": 9.605673146856926, "random_strength": 0.6112080884367999}, "datetime": {"datetime": "2019-10-15 02:29:42", "elapsed": 512.460177, "delta": 33.691704}}
{"target": 0.8590909090909091, "params": {"bagging_temperature": 8.261149360265808, "depth": 12.0, "l2_leaf_reg": 2.9167039439687823, "learning_rate": 0.0753163614313003, "max_ctr_complexity": 15.0, "model_size_reg": 10.0, "random_strength": 9.999999998905373}, "datetime": {"datetime": "2019-10-15 02:30:48", "elapsed": 578.453506, "delta": 65.993329}}
{"target": 0.85, "params": {"bagging_temperature": 1.2715292859665561, "depth": 11.963841179425525, "l2_leaf_reg": 18.830316656689558, "learning_rate": 0.10871885898018534, "max_ctr_complexity": 4.853625088379586, "model_size_reg": 9.103477610043077, "random_strength": 9.729294365765744}, "datetime": {"datetime": "2019-10-15 02:31:59", "elapsed": 648.946991, "delta": 70.493485}}
{"target": 0.85, "params": {"bagging_temperature": 0.8729372823890424, "depth": 4.231758075901554, "l2_leaf_reg": 85.47645783995017, "learning_rate": 0.04764334526086487, "max_ctr_complexity": 14.852460771499896, "model_size_reg": 4.8860774009400405, "random_strength": 1.219098343443351}, "datetime": {"datetime": "2019-10-15 02:32:10", "elapsed": 659.750804, "delta": 10.803813}}
{"target": 0.85, "params": {"bagging_temperature": 2.1093710864768944, "depth": 4.791413213152189, "l2_leaf_reg": 3.505383401964476, "learning_rate": 0.14895538940862119, "max_ctr_complexity": 13.808249371284013, "model_size_reg": 9.505751335929576, "random_strength": 9.251763711071437}, "datetime": {"datetime": "2019-10-15 02:32:17", "elapsed": 667.28619, "delta": 7.535386}}
{"target": 0.8409090909090909, "params": {"bagging_temperature": 10.0, "depth": 12.0, "l2_leaf_reg": 100.0, "learning_rate": 0.999, "max_ctr_complexity": 4.000001256690648, "model_size_reg": 10.0, "random_strength": 0.01}, "datetime": {"datetime": "2019-10-15 02:34:15", "elapsed": 785.364485, "delta": 118.078295}}
{"target": 0.8363636363636363, "params": {"bagging_temperature": 0.08405462104251304, "depth": 11.59660912866304, "l2_leaf_reg": 58.80050694705972, "learning_rate": 0.7128101496931613, "max_ctr_complexity": 4.126417697618253, "model_size_reg": 9.760090018206027, "random_strength": 0.45243714716690725}, "datetime": {"datetime": "2019-10-15 02:34:50", "elapsed": 819.915474, "delta": 34.550989}}
{"target": 0.8363636363636363, "params": {"bagging_temperature": 0.004372361181733763, "depth": 12.0, "l2_leaf_reg": 69.09512750951953, "learning_rate": 0.999, "max_ctr_complexity": 14.49225906786034, "model_size_reg": 10.0, "random_strength": 10.0}, "datetime": {"datetime": "2019-10-15 02:36:05", "elapsed": 895.198033, "delta": 75.282559}}
{"target": 0.8681818181818182, "params": {"bagging_temperature": 9.9844511306203, "depth": 4.590595303141841, "l2_leaf_reg": 33.998420892790264, "learning_rate": 0.3025617360960744, "max_ctr_complexity": 4.278570239329285, "model_size_reg": 0.41683086160337474, "random_strength": 9.532294816818986}, "datetime": {"datetime": "2019-10-15 02:36:12", "elapsed": 902.196354, "delta": 6.998321}}
{"target": 0.8545454545454545, "params": {"bagging_temperature": 9.198643149206495, "depth": 5.852496841420445, "l2_leaf_reg": 84.97028800188968, "learning_rate": 0.2522500299574184, "max_ctr_complexity": 4.030207720993165, "model_size_reg": 9.9735870919298, "random_strength": 9.336681704418476}, "datetime": {"datetime": "2019-10-15 02:36:21", "elapsed": 911.410493, "delta": 9.214139}}
{"target": 0.8409090909090909, "params": {"bagging_temperature": 9.572409877910143, "depth": 4.448827277628218, "l2_leaf_reg": 47.564612348409085, "learning_rate": 0.1567377599521034, "max_ctr_complexity": 6.394009438463954, "model_size_reg": 9.981803034236066, "random_strength": 9.898961425918374}, "datetime": {"datetime": "2019-10-15 02:36:28", "elapsed": 918.287272, "delta": 6.876779}}
{"target": 0.8636363636363636, "params": {"bagging_temperature": 8.671940578653363, "depth": 4.783151706150832, "l2_leaf_reg": 16.538564258002427, "learning_rate": 0.1357702594817149, "max_ctr_complexity": 14.949422347604882, "model_size_reg": 0.5660145833745107, "random_strength": 0.9837535553643796}, "datetime": {"datetime": "2019-10-15 02:36:34", "elapsed": 924.439092, "delta": 6.15182}}
{"target": 0.8545454545454545, "params": {"bagging_temperature": 9.775855073866657, "depth": 5.415101205274463, "l2_leaf_reg": 61.457521105072985, "learning_rate": 0.06555182403725109, "max_ctr_complexity": 14.436260241433333, "model_size_reg": 0.06021577003962332, "random_strength": 1.1656348352153065}, "datetime": {"datetime": "2019-10-15 02:36:49", "elapsed": 939.300583, "delta": 14.861491}}
{"target": 0.8545454545454545, "params": {"bagging_temperature": 9.266774587884587, "depth": 11.758502068573058, "l2_leaf_reg": 5.871341182654722, "learning_rate": 0.32945965157087337, "max_ctr_complexity": 5.5854247612197305, "model_size_reg": 0.22203425437981106, "random_strength": 9.686769906029891}, "datetime": {"datetime": "2019-10-15 02:37:31", "elapsed": 981.42007, "delta": 42.119487}}
{"target": 0.8636363636363636, "params": {"bagging_temperature": 1.6124678066500053, "depth": 10.77456208020887, "l2_leaf_reg": 31.302559229636604, "learning_rate": 0.03748202345959125, "max_ctr_complexity": 14.536253966077986, "model_size_reg": 0.25386449775198805, "random_strength": 9.435256467237023}, "datetime": {"datetime": "2019-10-15 02:39:21", "elapsed": 1090.896066, "delta": 109.475996}}
{"target": 0.85, "params": {"bagging_temperature": 0.48131980128479857, "depth": 4.203521010717042, "l2_leaf_reg": 32.94486261535837, "learning_rate": 0.04634163800821905, "max_ctr_complexity": 5.283505280971788, "model_size_reg": 0.7944479557905832, "random_strength": 0.2686886736338894}, "datetime": {"datetime": "2019-10-15 02:39:28", "elapsed": 1097.618093, "delta": 6.722027}}
{"target": 0.8454545454545455, "params": {"bagging_temperature": 9.749748544911846, "depth": 11.458212875903808, "l2_leaf_reg": 26.216430336979325, "learning_rate": 0.983203415773715, "max_ctr_complexity": 12.717643051772638, "model_size_reg": 0.5716655785004675, "random_strength": 8.996040746704798}, "datetime": {"datetime": "2019-10-15 02:40:06", "elapsed": 1135.734821, "delta": 38.116728}}
{"target": 0.85, "params": {"bagging_temperature": 9.623582404552039, "depth": 11.587126620112919, "l2_leaf_reg": 71.76412916963463, "learning_rate": 0.10847889884543184, "max_ctr_complexity": 4.422345705689028, "model_size_reg": 1.2385778824051719, "random_strength": 9.592665959182085}, "datetime": {"datetime": "2019-10-15 02:44:16", "elapsed": 1385.817708, "delta": 250.082887}}
{"target": 0.8727272727272727, "params": {"bagging_temperature": 8.26759182630766, "depth": 11.61299308883343, "l2_leaf_reg": 71.60283362313712, "learning_rate": 0.0789707777617766, "max_ctr_complexity": 14.019869850501962, "model_size_reg": 9.621984362358095, "random_strength": 0.7875908265608931}, "datetime": {"datetime": "2019-10-15 02:48:36", "elapsed": 1645.980847, "delta": 260.163139}}
{"target": 0.8681818181818182, "params": {"bagging_temperature": 4.85331231078312, "depth": 4.031540885054482, "l2_leaf_reg": 31.387698771264883, "learning_rate": 0.043929012537830985, "max_ctr_complexity": 13.77877844082039, "model_size_reg": 0.4362857270313791, "random_strength": 8.185128902604552}, "datetime": {"datetime": "2019-10-15 02:48:47", "elapsed": 1656.816002, "delta": 10.835155}}
{"target": 0.8681818181818182, "params": {"bagging_temperature": 1.3529398123205238, "depth": 4.023642431364529, "l2_leaf_reg": 17.58119514707259, "learning_rate": 0.059435919233342134, "max_ctr_complexity": 4.209990950437343, "model_size_reg": 0.3045318768103014, "random_strength": 8.659117768231361}, "datetime": {"datetime": "2019-10-15 02:48:55", "elapsed": 1665.535329, "delta": 8.719327}}
{"target": 0.8272727272727273, "params": {"bagging_temperature": 9.529253801298838, "depth": 4.22850802784398, "l2_leaf_reg": 0.055492365422885145, "learning_rate": 0.07387282748896898, "max_ctr_complexity": 13.29262156406373, "model_size_reg": 0.03870537731219919, "random_strength": 3.7240739264058953}, "datetime": {"datetime": "2019-10-15 02:49:04", "elapsed": 1673.801616, "delta": 8.266287}}
{"target": 0.8181818181818182, "params": {"bagging_temperature": 9.347960430303303, "depth": 4.957177117906471, "l2_leaf_reg": 73.91779981546787, "learning_rate": 0.0001, "max_ctr_complexity": 4.034291211264712, "model_size_reg": 10.0, "random_strength": 0.01}, "datetime": {"datetime": "2019-10-15 02:49:15", "elapsed": 1685.238816, "delta": 11.4372}}
{"target": 0.8590909090909091, "params": {"bagging_temperature": 0.14471255699346708, "depth": 10.998745430406093, "l2_leaf_reg": 57.829925905795186, "learning_rate": 0.05280343635478849, "max_ctr_complexity": 13.891147341981299, "model_size_reg": 0.47748180537481394, "random_strength": 2.1031216921100993}, "datetime": {"datetime": "2019-10-15 02:50:08", "elapsed": 1737.781111, "delta": 52.542295}}
{"target": 0.7954545454545454, "params": {"bagging_temperature": 4.811985876165323e-09, "depth": 4.0, "l2_leaf_reg": 22.315474212113628, "learning_rate": 0.0001, "max_ctr_complexity": 14.999999990609286, "model_size_reg": 10.0, "random_strength": 0.01}, "datetime": {"datetime": "2019-10-15 02:50:18", "elapsed": 1747.632172, "delta": 9.851061}}
{"target": 0.85, "params": {"bagging_temperature": 0.8522417070678512, "depth": 11.453046161962337, "l2_leaf_reg": 1.4637225314329174, "learning_rate": 0.026914332795752408, "max_ctr_complexity": 5.166459539822911, "model_size_reg": 8.487743520599306, "random_strength": 9.306404407460045}, "datetime": {"datetime": "2019-10-15 02:51:57", "elapsed": 1846.740913, "delta": 99.108741}}
{"target": 0.8454545454545455, "params": {"bagging_temperature": 0.568261831675132, "depth": 4.354675781351679, "l2_leaf_reg": 52.0836345805461, "learning_rate": 0.12901874477906458, "max_ctr_complexity": 4.225424140783058, "model_size_reg": 1.104879285040853, "random_strength": 9.680284124439268}, "datetime": {"datetime": "2019-10-15 02:52:03", "elapsed": 1852.660219, "delta": 5.919306}}
{"target": 0.8636363636363636, "params": {"bagging_temperature": 3.1644687438100796, "depth": 11.048022936563184, "l2_leaf_reg": 19.70874241312051, "learning_rate": 0.08411402319606882, "max_ctr_complexity": 4.218239307492771, "model_size_reg": 0.01922016429572004, "random_strength": 0.3570615561292813}, "datetime": {"datetime": "2019-10-15 02:54:01", "elapsed": 1971.486768, "delta": 118.826549}}
{"target": 0.85, "params": {"bagging_temperature": 2.6652988773365793, "depth": 11.686193124706294, "l2_leaf_reg": 99.15196115125555, "learning_rate": 0.28489640134770755, "max_ctr_complexity": 14.98782589606773, "model_size_reg": 0.3678407200770095, "random_strength": 0.9401983439283411}, "datetime": {"datetime": "2019-10-15 02:55:13", "elapsed": 2042.998457, "delta": 71.511689}}
{"target": 0.8454545454545455, "params": {"bagging_temperature": 2.5467388072111463, "depth": 8.190365737547435, "l2_leaf_reg": 98.84254810345772, "learning_rate": 0.212219210817533, "max_ctr_complexity": 4.184422567218522, "model_size_reg": 1.3218032307524183, "random_strength": 9.938125398848795}, "datetime": {"datetime": "2019-10-15 02:55:27", "elapsed": 2057.09923, "delta": 14.100773}}
{"target": 0.8545454545454545, "params": {"bagging_temperature": 6.267067356114644, "depth": 6.657213833602521, "l2_leaf_reg": 44.50257535872899, "learning_rate": 0.8148903386634329, "max_ctr_complexity": 14.955763115044856, "model_size_reg": 0.09828339037117913, "random_strength": 0.14658236701743924}, "datetime": {"datetime": "2019-10-15 02:55:35", "elapsed": 2064.803014, "delta": 7.703784}}
{"target": 0.8272727272727273, "params": {"bagging_temperature": 10.0, "depth": 12.0, "l2_leaf_reg": 90.49782626687029, "learning_rate": 0.0001, "max_ctr_complexity": 15.0, "model_size_reg": 10.0, "random_strength": 10.0}, "datetime": {"datetime": "2019-10-15 02:59:44", "elapsed": 2314.345623, "delta": 249.542609}}
{"target": 0.8590909090909091, "params": {"bagging_temperature": 0.18599426702509136, "depth": 11.598636027358927, "l2_leaf_reg": 36.29292706433883, "learning_rate": 0.10624819108130253, "max_ctr_complexity": 4.00011764482742, "model_size_reg": 1.6962130534197732, "random_strength": 9.891394975957663}, "datetime": {"datetime": "2019-10-15 03:01:07", "elapsed": 2396.879604, "delta": 82.533981}}
{"target": 0.85, "params": {"bagging_temperature": 1.0129894924600225, "depth": 5.375884060441827, "l2_leaf_reg": 99.80315409007223, "learning_rate": 0.026756633411116178, "max_ctr_complexity": 14.957292885668112, "model_size_reg": 9.160367636478883, "random_strength": 0.691044833696123}, "datetime": {"datetime": "2019-10-15 03:01:22", "elapsed": 2412.097748, "delta": 15.218144}}
{"target": 0.8545454545454545, "params": {"bagging_temperature": 8.6721744715122, "depth": 11.427500460396024, "l2_leaf_reg": 10.110252449853453, "learning_rate": 0.01793192135916238, "max_ctr_complexity": 8.77995004459705, "model_size_reg": 0.37694712401329733, "random_strength": 0.14313507465862743}, "datetime": {"datetime": "2019-10-15 03:06:48", "elapsed": 2737.835038, "delta": 325.73729}}
{"target": 0.8454545454545455, "params": {"bagging_temperature": 9.52440127881593, "depth": 4.116496713371061, "l2_leaf_reg": 21.303239553554143, "learning_rate": 0.09313753719839729, "max_ctr_complexity": 5.310720696030492, "model_size_reg": 0.678486734240573, "random_strength": 9.454677426053955}, "datetime": {"datetime": "2019-10-15 03:06:56", "elapsed": 2746.049167, "delta": 8.214129}}
{"target": 0.85, "params": {"bagging_temperature": 9.872271951060066, "depth": 11.840179241010535, "l2_leaf_reg": 57.597176356264946, "learning_rate": 0.7187445749420328, "max_ctr_complexity": 13.793048791669207, "model_size_reg": 9.188654273578813, "random_strength": 2.168713172613764}, "datetime": {"datetime": "2019-10-15 03:08:31", "elapsed": 2840.6638, "delta": 94.614633}}
{"target": 0.8409090909090909, "params": {"bagging_temperature": 9.083186681259608, "depth": 11.986870200687825, "l2_leaf_reg": 82.25828033902796, "learning_rate": 0.3456458304663811, "max_ctr_complexity": 14.406275882240864, "model_size_reg": 0.20657763768482368, "random_strength": 0.2937738139449285}, "datetime": {"datetime": "2019-10-15 03:10:49", "elapsed": 2978.593403, "delta": 137.929603}}
{"target": 0.8636363636363636, "params": {"bagging_temperature": 1.661389286622309, "depth": 11.995045725117787, "l2_leaf_reg": 17.994395338348664, "learning_rate": 0.03967927801997909, "max_ctr_complexity": 14.716873443267165, "model_size_reg": 0.0441153314973455, "random_strength": 1.997820794915208}, "datetime": {"datetime": "2019-10-15 03:13:16", "elapsed": 3126.227894, "delta": 147.634491}}
{"target": 0.8590909090909091, "params": {"bagging_temperature": 9.73224345797337, "depth": 4.19389450448946, "l2_leaf_reg": 51.629559535502594, "learning_rate": 0.01830163365267886, "max_ctr_complexity": 14.547366113813728, "model_size_reg": 0.04547098005893136, "random_strength": 9.224653386389182}, "datetime": {"datetime": "2019-10-15 03:13:27", "elapsed": 3136.802824, "delta": 10.57493}}
